==========================================
DhakaCart Security Testing Suite
==========================================
API URL: http://localhost:5000
Test Results: security-test-results.log

[1;33m[TEST] Health Check[0m
[0;32m✓ PASS: API is responding[0m
[1;33m[TEST] Input Validation - Short Username[0m
[0;32m✓ PASS: Validates username length[0m
[1;33m[TEST] Input Validation - Special Characters[0m
[0;32m✓ PASS: Rejects special characters in username[0m
[1;33m[TEST] Input Validation - Missing Password[0m
[0;32m✓ PASS: Validates required password field[0m
[1;33m[TEST] Input Validation - Short Password[0m
[0;32m✓ PASS: Validates password minimum length[0m
[1;33m[TEST] Authentication - Valid Login[0m
[0;32m✓ PASS: Successfully obtained JWT token[0m
[1;33m[INFO] Token (first 50 chars): eyJhbGciOiJIUzI1NiIsInR5cCI6IkpXVCJ9.eyJ1c2VySWQiO...[0m
[1;33m[TEST] Authentication - Invalid Credentials[0m
[0;32m✓ PASS: Rejects invalid credentials[0m
[1;33m[TEST] Rate Limiting - Global Limiter (100 requests/15min)[0m
[1;33m[INFO] Making 101 requests to trigger rate limit...[0m
